# JRE version: OpenJDK Runtime Environment Temurin-21.0.11+10 (21.0.11+10) (build 21.0.11+10-LTS)
# Java VM: OpenJDK 64-Bit Server VM Temurin-21.0.11+10 (21.0.11+10-LTS, mixed mode, sharing, tiered, compressed oops, compressed class ptrs, parallel gc, windows-amd64)
GC Precious Log:
 CardTable entry size: 512
 CPUs: 12 total, 12 available
 Memory: 7598M
 Large Page Support: Disabled
 NUMA Support: Disabled
 Compressed Oops: Enabled (32-bit)
 Alignments: Space 512K, Generation 512K, Heap 2M
 Heap Min Capacity: 100M
 Heap Initial Capacity: 100M
 Heap Max Capacity: 2G
 Pre-touch: Disabled
 Parallel Workers: 10
Heap:
 PSYoungGen      total 20480K, used 8929K [0x00000000d5580000, 0x00000000d6e00000, 0x0000000100000000)
  eden space 19456K, 44% used [0x00000000d5580000,0x00000000d5df8548,0x00000000d6880000)
  from space 1024K, 25% used [0x00000000d6c00000,0x00000000d6c40000,0x00000000d6d00000)
  to   space 512K, 0% used [0x00000000d6d80000,0x00000000d6d80000,0x00000000d6e00000)
 ParOldGen       total 68608K, used 34793K [0x0000000080000000, 0x0000000084300000, 0x00000000d5580000)
  object space 68608K, 50% used [0x0000000080000000,0x00000000821fa678,0x0000000084300000)
 Metaspace       used 51466K, committed 52608K, reserved 1114112K
  class space    used 5646K, committed 6144K, reserved 1048576K
GC Heap History (20 events):
Event: 16.667 GC heap before
{Heap before GC invocations=22 (full 2):
 PSYoungGen      total 23040K, used 22640K [0x00000000d5580000, 0x00000000d6e00000, 0x0000000100000000)
  eden space 20992K, 100% used [0x00000000d5580000,0x00000000d6a00000,0x00000000d6a00000)
  from space 2048K, 80% used [0x00000000d6a00000,0x00000000d6b9c080,0x00000000d6c00000)
  to   space 2048K, 0% used [0x00000000d6c00000,0x00000000d6c00000,0x00000000d6e00000)
 ParOldGen       total 68608K, used 22745K [0x0000000080000000, 0x0000000084300000, 0x00000000d5580000)
  object space 68608K, 33% used [0x0000000080000000,0x0000000081636720,0x0000000084300000)
 Metaspace       used 47647K, committed 48768K, reserved 1114112K
  class space    used 5244K, committed 5696K, reserved 1048576K
}
Event: 16.673 GC heap after
{Heap after GC invocations=22 (full 2):
 PSYoungGen      total 23040K, used 1741K [0x00000000d5580000, 0x00000000d6e00000, 0x0000000100000000)
  eden space 20992K, 0% used [0x00000000d5580000,0x00000000d5580000,0x00000000d6a00000)
  from space 2048K, 85% used [0x00000000d6c00000,0x00000000d6db3478,0x00000000d6e00000)
  to   space 2048K, 0% used [0x00000000d6a00000,0x00000000d6a00000,0x00000000d6c00000)
 ParOldGen       total 68608K, used 23945K [0x0000000080000000, 0x0000000084300000, 0x00000000d5580000)
  object space 68608K, 34% used [0x0000000080000000,0x0000000081762740,0x0000000084300000)
 Metaspace       used 47647K, committed 48768K, reserved 1114112K
  class space    used 5244K, committed 5696K, reserved 1048576K
}
Event: 17.737 GC heap before
{Heap before GC invocations=23 (full 2):
 PSYoungGen      total 23040K, used 22733K [0x00000000d5580000, 0x00000000d6e00000, 0x0000000100000000)
  eden space 20992K, 100% used [0x00000000d5580000,0x00000000d6a00000,0x00000000d6a00000)
  from space 2048K, 85% used [0x00000000d6c00000,0x00000000d6db3478,0x00000000d6e00000)
  to   space 2048K, 0% used [0x00000000d6a00000,0x00000000d6a00000,0x00000000d6c00000)
 ParOldGen       total 68608K, used 23945K [0x0000000080000000, 0x0000000084300000, 0x00000000d5580000)
  object space 68608K, 34% used [0x0000000080000000,0x0000000081762740,0x0000000084300000)
 Metaspace       used 49684K, committed 50752K, reserved 1114112K
  class space    used 5471K, committed 5888K, reserved 1048576K
}
Event: 17.744 GC heap after
{Heap after GC invocations=23 (full 2):
 PSYoungGen      total 23040K, used 2043K [0x00000000d5580000, 0x00000000d7200000, 0x0000000100000000)
  eden space 20992K, 0% used [0x00000000d5580000,0x00000000d5580000,0x00000000d6a00000)
  from space 2048K, 99% used [0x00000000d6a00000,0x00000000d6bfee98,0x00000000d6c00000)
  to   space 4096K, 0% used [0x00000000d6e00000,0x00000000d6e00000,0x00000000d7200000)
 ParOldGen       total 68608K, used 25217K [0x0000000080000000, 0x0000000084300000, 0x00000000d5580000)
  object space 68608K, 36% used [0x0000000080000000,0x00000000818a07c8,0x0000000084300000)
 Metaspace       used 49684K, committed 50752K, reserved 1114112K
  class space    used 5471K, committed 5888K, reserved 1048576K
}
Event: 18.409 GC heap before
{Heap before GC invocations=24 (full 2):
 PSYoungGen      total 23040K, used 23035K [0x00000000d5580000, 0x00000000d7200000, 0x0000000100000000)
  eden space 20992K, 100% used [0x00000000d5580000,0x00000000d6a00000,0x00000000d6a00000)
  from space 2048K, 99% used [0x00000000d6a00000,0x00000000d6bfee98,0x00000000d6c00000)
  to   space 4096K, 0% used [0x00000000d6e00000,0x00000000d6e00000,0x00000000d7200000)
 ParOldGen       total 68608K, used 25217K [0x0000000080000000, 0x0000000084300000, 0x00000000d5580000)
  object space 68608K, 36% used [0x0000000080000000,0x00000000818a07c8,0x0000000084300000)
 Metaspace       used 49955K, committed 51072K, reserved 1114112K
  class space    used 5490K, committed 5952K, reserved 1048576K
}
Event: 18.416 GC heap after
{Heap after GC invocations=24 (full 2):
 PSYoungGen      total 22528K, used 1236K [0x00000000d5580000, 0x00000000d6f80000, 0x0000000100000000)
  eden space 20992K, 0% used [0x00000000d5580000,0x00000000d5580000,0x00000000d6a00000)
  from space 1536K, 80% used [0x00000000d6e00000,0x00000000d6f35240,0x00000000d6f80000)
  to   space 2048K, 0% used [0x00000000d6b80000,0x00000000d6b80000,0x00000000d6d80000)
 ParOldGen       total 68608K, used 27255K [0x0000000080000000, 0x0000000084300000, 0x00000000d5580000)
  object space 68608K, 39% used [0x0000000080000000,0x0000000081a9dfe8,0x0000000084300000)
 Metaspace       used 49955K, committed 51072K, reserved 1114112K
  class space    used 5490K, committed 5952K, reserved 1048576K
}
Event: 18.564 GC heap before
{Heap before GC invocations=25 (full 2):
 PSYoungGen      total 22528K, used 22228K [0x00000000d5580000, 0x00000000d6f80000, 0x0000000100000000)
  eden space 20992K, 100% used [0x00000000d5580000,0x00000000d6a00000,0x00000000d6a00000)
  from space 1536K, 80% used [0x00000000d6e00000,0x00000000d6f35240,0x00000000d6f80000)
  to   space 2048K, 0% used [0x00000000d6b80000,0x00000000d6b80000,0x00000000d6d80000)
 ParOldGen       total 68608K, used 27255K [0x0000000080000000, 0x0000000084300000, 0x00000000d5580000)
  object space 68608K, 39% used [0x0000000080000000,0x0000000081a9dfe8,0x0000000084300000)
 Metaspace       used 49979K, committed 51072K, reserved 1114112K
  class space    used 5490K, committed 5952K, reserved 1048576K
}
Event: 18.571 GC heap after
{Heap after GC invocations=25 (full 2):
 PSYoungGen      total 23040K, used 2048K [0x00000000d5580000, 0x00000000d7400000, 0x0000000100000000)
  eden space 20992K, 0% used [0x00000000d5580000,0x00000000d5580000,0x00000000d6a00000)
  from space 2048K, 100% used [0x00000000d6b80000,0x00000000d6d80000,0x00000000d6d80000)
  to   space 5120K, 0% used [0x00000000d6f00000,0x00000000d6f00000,0x00000000d7400000)
 ParOldGen       total 68608K, used 29585K [0x0000000080000000, 0x0000000084300000, 0x00000000d5580000)
  object space 68608K, 43% used [0x0000000080000000,0x0000000081ce4720,0x0000000084300000)
 Metaspace       used 49979K, committed 51072K, reserved 1114112K
  class space    used 5490K, committed 5952K, reserved 1048576K
}
Event: 18.776 GC heap before
{Heap before GC invocations=26 (full 2):
 PSYoungGen      total 23040K, used 23040K [0x00000000d5580000, 0x00000000d7400000, 0x0000000100000000)
  eden space 20992K, 100% used [0x00000000d5580000,0x00000000d6a00000,0x00000000d6a00000)
  from space 2048K, 100% used [0x00000000d6b80000,0x00000000d6d80000,0x00000000d6d80000)
  to   space 5120K, 0% used [0x00000000d6f00000,0x00000000d6f00000,0x00000000d7400000)
 ParOldGen       total 68608K, used 29585K [0x0000000080000000, 0x0000000084300000, 0x00000000d5580000)
  object space 68608K, 43% used [0x0000000080000000,0x0000000081ce4720,0x0000000084300000)
 Metaspace       used 50009K, committed 51136K, reserved 1114112K
  class space    used 5490K, committed 5952K, reserved 1048576K
}
Event: 18.780 GC heap after
{Heap after GC invocations=26 (full 2):
 PSYoungGen      total 23040K, used 1696K [0x00000000d5580000, 0x00000000d7100000, 0x0000000100000000)
  eden space 20992K, 0% used [0x00000000d5580000,0x00000000d5580000,0x00000000d6a00000)
  from space 2048K, 82% used [0x00000000d6f00000,0x00000000d70a8000,0x00000000d7100000)
  to   space 3072K, 0% used [0x00000000d6b00000,0x00000000d6b00000,0x00000000d6e00000)
 ParOldGen       total 68608K, used 29765K [0x0000000080000000, 0x0000000084300000, 0x00000000d5580000)
  object space 68608K, 43% used [0x0000000080000000,0x0000000081d11768,0x0000000084300000)
 Metaspace       used 50009K, committed 51136K, reserved 1114112K
  class space    used 5490K, committed 5952K, reserved 1048576K
}
Event: 18.862 GC heap before
{Heap before GC invocations=27 (full 2):
 PSYoungGen      total 23040K, used 22688K [0x00000000d5580000, 0x00000000d7100000, 0x0000000100000000)
  eden space 20992K, 100% used [0x00000000d5580000,0x00000000d6a00000,0x00000000d6a00000)
  from space 2048K, 82% used [0x00000000d6f00000,0x00000000d70a8000,0x00000000d7100000)
  to   space 3072K, 0% used [0x00000000d6b00000,0x00000000d6b00000,0x00000000d6e00000)
 ParOldGen       total 68608K, used 29765K [0x0000000080000000, 0x0000000084300000, 0x00000000d5580000)
  object space 68608K, 43% used [0x0000000080000000,0x0000000081d11768,0x0000000084300000)
 Metaspace       used 50024K, committed 51136K, reserved 1114112K
  class space    used 5492K, committed 5952K, reserved 1048576K
}
Event: 18.868 GC heap after
{Heap after GC invocations=27 (full 2):
 PSYoungGen      total 24064K, used 3072K [0x00000000d5580000, 0x00000000d7700000, 0x0000000100000000)
  eden space 20992K, 0% used [0x00000000d5580000,0x00000000d5580000,0x00000000d6a00000)
  from space 3072K, 100% used [0x00000000d6b00000,0x00000000d6e00000,0x00000000d6e00000)
  to   space 6656K, 0% used [0x00000000d7080000,0x00000000d7080000,0x00000000d7700000)
 ParOldGen       total 68608K, used 32502K [0x0000000080000000, 0x0000000084300000, 0x00000000d5580000)
  object space 68608K, 47% used [0x0000000080000000,0x0000000081fbda08,0x0000000084300000)
 Metaspace       used 50024K, committed 51136K, reserved 1114112K
  class space    used 5492K, committed 5952K, reserved 1048576K
}
Event: 18.946 GC heap before
{Heap before GC invocations=28 (full 2):
 PSYoungGen      total 24064K, used 24064K [0x00000000d5580000, 0x00000000d7700000, 0x0000000100000000)
  eden space 20992K, 100% used [0x00000000d5580000,0x00000000d6a00000,0x00000000d6a00000)
  from space 3072K, 100% used [0x00000000d6b00000,0x00000000d6e00000,0x00000000d6e00000)
  to   space 6656K, 0% used [0x00000000d7080000,0x00000000d7080000,0x00000000d7700000)
 ParOldGen       total 68608K, used 32502K [0x0000000080000000, 0x0000000084300000, 0x00000000d5580000)
  object space 68608K, 47% used [0x0000000080000000,0x0000000081fbda08,0x0000000084300000)
 Metaspace       used 50027K, committed 51136K, reserved 1114112K
  class space    used 5492K, committed 5952K, reserved 1048576K
}
Event: 18.956 GC heap after
{Heap after GC invocations=28 (full 2):
 PSYoungGen      total 26112K, used 6640K [0x00000000d5580000, 0x00000000d7a00000, 0x0000000100000000)
  eden space 19456K, 0% used [0x00000000d5580000,0x00000000d5580000,0x00000000d6880000)
  from space 6656K, 99% used [0x00000000d7080000,0x00000000d76fc018,0x00000000d7700000)
  to   space 8192K, 0% used [0x00000000d6880000,0x00000000d6880000,0x00000000d7080000)
 ParOldGen       total 68608K, used 33174K [0x0000000080000000, 0x0000000084300000, 0x00000000d5580000)
  object space 68608K, 48% used [0x0000000080000000,0x0000000082065ac8,0x0000000084300000)
 Metaspace       used 50027K, committed 51136K, reserved 1114112K
  class space    used 5492K, committed 5952K, reserved 1048576K
}
Event: 19.350 GC heap before
{Heap before GC invocations=29 (full 2):
 PSYoungGen      total 26112K, used 26096K [0x00000000d5580000, 0x00000000d7a00000, 0x0000000100000000)
  eden space 19456K, 100% used [0x00000000d5580000,0x00000000d6880000,0x00000000d6880000)
  from space 6656K, 99% used [0x00000000d7080000,0x00000000d76fc018,0x00000000d7700000)
  to   space 8192K, 0% used [0x00000000d6880000,0x00000000d6880000,0x00000000d7080000)
 ParOldGen       total 68608K, used 33174K [0x0000000080000000, 0x0000000084300000, 0x00000000d5580000)
  object space 68608K, 48% used [0x0000000080000000,0x0000000082065ac8,0x0000000084300000)
 Metaspace       used 50632K, committed 51776K, reserved 1114112K
  class space    used 5558K, committed 6016K, reserved 1048576K
}
Event: 19.356 GC heap after
{Heap after GC invocations=29 (full 2):
 PSYoungGen      total 20480K, used 845K [0x00000000d5580000, 0x00000000d7100000, 0x0000000100000000)
  eden space 19456K, 0% used [0x00000000d5580000,0x00000000d5580000,0x00000000d6880000)
  from space 1024K, 82% used [0x00000000d6880000,0x00000000d6953460,0x00000000d6980000)
  to   space 3584K, 0% used [0x00000000d6d80000,0x00000000d6d80000,0x00000000d7100000)
 ParOldGen       total 68608K, used 33902K [0x0000000080000000, 0x0000000084300000, 0x00000000d5580000)
  object space 68608K, 49% used [0x0000000080000000,0x000000008211bb40,0x0000000084300000)
 Metaspace       used 50632K, committed 51776K, reserved 1114112K
  class space    used 5558K, committed 6016K, reserved 1048576K
}
Event: 21.473 GC heap before
{Heap before GC invocations=30 (full 2):
 PSYoungGen      total 20480K, used 20301K [0x00000000d5580000, 0x00000000d7100000, 0x0000000100000000)
  eden space 19456K, 99% used [0x00000000d5580000,0x00000000d687fff0,0x00000000d6880000)
  from space 1024K, 82% used [0x00000000d6880000,0x00000000d6953460,0x00000000d6980000)
  to   space 3584K, 0% used [0x00000000d6d80000,0x00000000d6d80000,0x00000000d7100000)
 ParOldGen       total 68608K, used 33902K [0x0000000080000000, 0x0000000084300000, 0x00000000d5580000)
  object space 68608K, 49% used [0x0000000080000000,0x000000008211bb40,0x0000000084300000)
 Metaspace       used 51012K, committed 52160K, reserved 1114112K
  class space    used 5590K, committed 6080K, reserved 1048576K
}
Event: 21.476 GC heap after
{Heap after GC invocations=30 (full 2):
 PSYoungGen      total 19968K, used 333K [0x00000000d5580000, 0x00000000d6e00000, 0x0000000100000000)
  eden space 19456K, 0% used [0x00000000d5580000,0x00000000d5580000,0x00000000d6880000)
  from space 512K, 65% used [0x00000000d6d80000,0x00000000d6dd3500,0x00000000d6e00000)
  to   space 1024K, 0% used [0x00000000d6c00000,0x00000000d6c00000,0x00000000d6d00000)
 ParOldGen       total 68608K, used 34636K [0x0000000080000000, 0x0000000084300000, 0x00000000d5580000)
  object space 68608K, 50% used [0x0000000080000000,0x00000000821d3168,0x0000000084300000)
 Metaspace       used 51012K, committed 52160K, reserved 1114112K
  class space    used 5590K, committed 6080K, reserved 1048576K
}
Event: 23.089 GC heap before
{Heap before GC invocations=31 (full 2):
 PSYoungGen      total 19968K, used 19789K [0x00000000d5580000, 0x00000000d6e00000, 0x0000000100000000)
  eden space 19456K, 100% used [0x00000000d5580000,0x00000000d6880000,0x00000000d6880000)
  from space 512K, 65% used [0x00000000d6d80000,0x00000000d6dd3500,0x00000000d6e00000)
  to   space 1024K, 0% used [0x00000000d6c00000,0x00000000d6c00000,0x00000000d6d00000)
 ParOldGen       total 68608K, used 34636K [0x0000000080000000, 0x0000000084300000, 0x00000000d5580000)
  object space 68608K, 50% used [0x0000000080000000,0x00000000821d3168,0x0000000084300000)
 Metaspace       used 51027K, committed 52224K, reserved 1114112K
  class space    used 5591K, committed 6080K, reserved 1048576K
}
Event: 23.090 GC heap after
{Heap after GC invocations=31 (full 2):
 PSYoungGen      total 20480K, used 256K [0x00000000d5580000, 0x00000000d6e00000, 0x0000000100000000)
  eden space 19456K, 0% used [0x00000000d5580000,0x00000000d5580000,0x00000000d6880000)
  from space 1024K, 25% used [0x00000000d6c00000,0x00000000d6c40000,0x00000000d6d00000)
  to   space 512K, 0% used [0x00000000d6d80000,0x00000000d6d80000,0x00000000d6e00000)
 ParOldGen       total 68608K, used 34793K [0x0000000080000000, 0x0000000084300000, 0x00000000d5580000)
  object space 68608K, 50% used [0x0000000080000000,0x00000000821fa678,0x0000000084300000)
 Metaspace       used 51027K, committed 52224K, reserved 1114112K
  class space    used 5591K, committed 6080K, reserved 1048576K
}

