# JRE version: OpenJDK Runtime Environment Temurin-21.0.11+10 (21.0.11+10) (build 21.0.11+10-LTS)
# Java VM: OpenJDK 64-Bit Server VM Temurin-21.0.11+10 (21.0.11+10-LTS, mixed mode, sharing, tiered, compressed oops, compressed class ptrs, parallel gc, windows-amd64)
GC Precious Log:
 CardTable entry size: 512
 CPUs: 12 total, 12 available
 Memory: 7598M
 Large Page Support: Disabled
 NUMA Support: Disabled
 Compressed Oops: Enabled (32-bit)
 Alignments: Space 512K, Generation 512K, Heap 2M
 Heap Min Capacity: 100M
 Heap Initial Capacity: 100M
 Heap Max Capacity: 2G
 Pre-touch: Disabled
 Parallel Workers: 10
Heap:
 PSYoungGen      total 23552K, used 12465K [0x00000000d5580000, 0x00000000d7100000, 0x0000000100000000)
  eden space 22016K, 49% used [0x00000000d5580000,0x00000000d602c668,0x00000000d6b00000)
  from space 1536K, 100% used [0x00000000d6f00000,0x00000000d7080000,0x00000000d7080000)
  to   space 512K, 0% used [0x00000000d7080000,0x00000000d7080000,0x00000000d7100000)
 ParOldGen       total 68608K, used 21136K [0x0000000080000000, 0x0000000084300000, 0x00000000d5580000)
  object space 68608K, 30% used [0x0000000080000000,0x00000000814a4250,0x0000000084300000)
 Metaspace       used 42906K, committed 44032K, reserved 1114112K
  class space    used 4706K, committed 5184K, reserved 1048576K
GC Heap History (20 events):
Event: 11.584 GC heap before
{Heap before GC invocations=10 (full 1):
 PSYoungGen      total 29184K, used 24064K [0x00000000d5580000, 0x00000000d7a00000, 0x0000000100000000)
  eden space 24064K, 100% used [0x00000000d5580000,0x00000000d6d00000,0x00000000d6d00000)
  from space 5120K, 0% used [0x00000000d7500000,0x00000000d7500000,0x00000000d7a00000)
  to   space 6144K, 0% used [0x00000000d6e00000,0x00000000d6e00000,0x00000000d7400000)
 ParOldGen       total 68608K, used 15235K [0x0000000080000000, 0x0000000084300000, 0x00000000d5580000)
  object space 68608K, 22% used [0x0000000080000000,0x0000000080ee0d58,0x0000000084300000)
 Metaspace       used 23986K, committed 24768K, reserved 1114112K
  class space    used 2394K, committed 2752K, reserved 1048576K
}
Event: 11.587 GC heap after
{Heap after GC invocations=10 (full 1):
 PSYoungGen      total 24064K, used 320K [0x00000000d5580000, 0x00000000d7580000, 0x0000000100000000)
  eden space 23552K, 0% used [0x00000000d5580000,0x00000000d5580000,0x00000000d6c80000)
  from space 512K, 62% used [0x00000000d6e00000,0x00000000d6e50000,0x00000000d6e80000)
  to   space 2560K, 0% used [0x00000000d7300000,0x00000000d7300000,0x00000000d7580000)
 ParOldGen       total 68608K, used 15243K [0x0000000080000000, 0x0000000084300000, 0x00000000d5580000)
  object space 68608K, 22% used [0x0000000080000000,0x0000000080ee2d58,0x0000000084300000)
 Metaspace       used 23986K, committed 24768K, reserved 1114112K
  class space    used 2394K, committed 2752K, reserved 1048576K
}
Event: 11.892 GC heap before
{Heap before GC invocations=11 (full 1):
 PSYoungGen      total 24064K, used 23872K [0x00000000d5580000, 0x00000000d7580000, 0x0000000100000000)
  eden space 23552K, 100% used [0x00000000d5580000,0x00000000d6c80000,0x00000000d6c80000)
  from space 512K, 62% used [0x00000000d6e00000,0x00000000d6e50000,0x00000000d6e80000)
  to   space 2560K, 0% used [0x00000000d7300000,0x00000000d7300000,0x00000000d7580000)
 ParOldGen       total 68608K, used 15243K [0x0000000080000000, 0x0000000084300000, 0x00000000d5580000)
  object space 68608K, 22% used [0x0000000080000000,0x0000000080ee2d58,0x0000000084300000)
 Metaspace       used 25637K, committed 26496K, reserved 1114112K
  class space    used 2528K, committed 2880K, reserved 1048576K
}
Event: 11.895 GC heap after
{Heap after GC invocations=11 (full 1):
 PSYoungGen      total 25600K, used 2280K [0x00000000d5580000, 0x00000000d7580000, 0x0000000100000000)
  eden space 23040K, 0% used [0x00000000d5580000,0x00000000d5580000,0x00000000d6c00000)
  from space 2560K, 89% used [0x00000000d7300000,0x00000000d753a2b0,0x00000000d7580000)
  to   space 3072K, 0% used [0x00000000d6f80000,0x00000000d6f80000,0x00000000d7280000)
 ParOldGen       total 68608K, used 15251K [0x0000000080000000, 0x0000000084300000, 0x00000000d5580000)
  object space 68608K, 22% used [0x0000000080000000,0x0000000080ee4d58,0x0000000084300000)
 Metaspace       used 25637K, committed 26496K, reserved 1114112K
  class space    used 2528K, committed 2880K, reserved 1048576K
}
Event: 12.520 GC heap before
{Heap before GC invocations=12 (full 1):
 PSYoungGen      total 25600K, used 25320K [0x00000000d5580000, 0x00000000d7580000, 0x0000000100000000)
  eden space 23040K, 100% used [0x00000000d5580000,0x00000000d6c00000,0x00000000d6c00000)
  from space 2560K, 89% used [0x00000000d7300000,0x00000000d753a2b0,0x00000000d7580000)
  to   space 3072K, 0% used [0x00000000d6f80000,0x00000000d6f80000,0x00000000d7280000)
 ParOldGen       total 68608K, used 15251K [0x0000000080000000, 0x0000000084300000, 0x00000000d5580000)
  object space 68608K, 22% used [0x0000000080000000,0x0000000080ee4d58,0x0000000084300000)
 Metaspace       used 28296K, committed 29248K, reserved 1114112K
  class space    used 2833K, committed 3264K, reserved 1048576K
}
Event: 12.526 GC heap after
{Heap after GC invocations=12 (full 1):
 PSYoungGen      total 24064K, used 1156K [0x00000000d5580000, 0x00000000d7380000, 0x0000000100000000)
  eden space 22528K, 0% used [0x00000000d5580000,0x00000000d5580000,0x00000000d6b80000)
  from space 1536K, 75% used [0x00000000d6f80000,0x00000000d70a1350,0x00000000d7100000)
  to   space 2048K, 0% used [0x00000000d7180000,0x00000000d7180000,0x00000000d7380000)
 ParOldGen       total 68608K, used 17330K [0x0000000080000000, 0x0000000084300000, 0x00000000d5580000)
  object space 68608K, 25% used [0x0000000080000000,0x00000000810ec8a8,0x0000000084300000)
 Metaspace       used 28296K, committed 29248K, reserved 1114112K
  class space    used 2833K, committed 3264K, reserved 1048576K
}
Event: 12.976 GC heap before
{Heap before GC invocations=13 (full 1):
 PSYoungGen      total 24064K, used 23684K [0x00000000d5580000, 0x00000000d7380000, 0x0000000100000000)
  eden space 22528K, 100% used [0x00000000d5580000,0x00000000d6b80000,0x00000000d6b80000)
  from space 1536K, 75% used [0x00000000d6f80000,0x00000000d70a1350,0x00000000d7100000)
  to   space 2048K, 0% used [0x00000000d7180000,0x00000000d7180000,0x00000000d7380000)
 ParOldGen       total 68608K, used 17330K [0x0000000080000000, 0x0000000084300000, 0x00000000d5580000)
  object space 68608K, 25% used [0x0000000080000000,0x00000000810ec8a8,0x0000000084300000)
 Metaspace       used 31165K, committed 32192K, reserved 1114112K
  class space    used 3209K, committed 3648K, reserved 1048576K
}
Event: 12.980 GC heap after
{Heap after GC invocations=13 (full 1):
 PSYoungGen      total 23552K, used 1085K [0x00000000d5580000, 0x00000000d7300000, 0x0000000100000000)
  eden space 22016K, 0% used [0x00000000d5580000,0x00000000d5580000,0x00000000d6b00000)
  from space 1536K, 70% used [0x00000000d7180000,0x00000000d728f6b0,0x00000000d7300000)
  to   space 1536K, 0% used [0x00000000d7000000,0x00000000d7000000,0x00000000d7180000)
 ParOldGen       total 68608K, used 18278K [0x0000000080000000, 0x0000000084300000, 0x00000000d5580000)
  object space 68608K, 26% used [0x0000000080000000,0x00000000811d9bf8,0x0000000084300000)
 Metaspace       used 31165K, committed 32192K, reserved 1114112K
  class space    used 3209K, committed 3648K, reserved 1048576K
}
Event: 13.366 GC heap before
{Heap before GC invocations=14 (full 1):
 PSYoungGen      total 23552K, used 23101K [0x00000000d5580000, 0x00000000d7300000, 0x0000000100000000)
  eden space 22016K, 100% used [0x00000000d5580000,0x00000000d6b00000,0x00000000d6b00000)
  from space 1536K, 70% used [0x00000000d7180000,0x00000000d728f6b0,0x00000000d7300000)
  to   space 1536K, 0% used [0x00000000d7000000,0x00000000d7000000,0x00000000d7180000)
 ParOldGen       total 68608K, used 18278K [0x0000000080000000, 0x0000000084300000, 0x00000000d5580000)
  object space 68608K, 26% used [0x0000000080000000,0x00000000811d9bf8,0x0000000084300000)
 Metaspace       used 33190K, committed 34304K, reserved 1114112K
  class space    used 3457K, committed 3904K, reserved 1048576K
}
Event: 13.370 GC heap after
{Heap after GC invocations=14 (full 1):
 PSYoungGen      total 23552K, used 1526K [0x00000000d5580000, 0x00000000d7200000, 0x0000000100000000)
  eden space 22016K, 0% used [0x00000000d5580000,0x00000000d5580000,0x00000000d6b00000)
  from space 1536K, 99% used [0x00000000d7000000,0x00000000d717d900,0x00000000d7180000)
  to   space 512K, 0% used [0x00000000d7180000,0x00000000d7180000,0x00000000d7200000)
 ParOldGen       total 68608K, used 19305K [0x0000000080000000, 0x0000000084300000, 0x00000000d5580000)
  object space 68608K, 28% used [0x0000000080000000,0x00000000812da4c8,0x0000000084300000)
 Metaspace       used 33190K, committed 34304K, reserved 1114112K
  class space    used 3457K, committed 3904K, reserved 1048576K
}
Event: 13.512 GC heap before
{Heap before GC invocations=15 (full 1):
 PSYoungGen      total 23552K, used 14137K [0x00000000d5580000, 0x00000000d7200000, 0x0000000100000000)
  eden space 22016K, 57% used [0x00000000d5580000,0x00000000d61d0ee0,0x00000000d6b00000)
  from space 1536K, 99% used [0x00000000d7000000,0x00000000d717d900,0x00000000d7180000)
  to   space 512K, 0% used [0x00000000d7180000,0x00000000d7180000,0x00000000d7200000)
 ParOldGen       total 68608K, used 19305K [0x0000000080000000, 0x0000000084300000, 0x00000000d5580000)
  object space 68608K, 28% used [0x0000000080000000,0x00000000812da4c8,0x0000000084300000)
 Metaspace       used 34682K, committed 35840K, reserved 1114112K
  class space    used 3636K, committed 4160K, reserved 1048576K
}
Event: 13.515 GC heap after
{Heap after GC invocations=15 (full 1):
 PSYoungGen      total 22528K, used 448K [0x00000000d5580000, 0x00000000d7200000, 0x0000000100000000)
  eden space 22016K, 0% used [0x00000000d5580000,0x00000000d5580000,0x00000000d6b00000)
  from space 512K, 87% used [0x00000000d7180000,0x00000000d71f0000,0x00000000d7200000)
  to   space 1536K, 0% used [0x00000000d6f00000,0x00000000d6f00000,0x00000000d7080000)
 ParOldGen       total 68608K, used 20724K [0x0000000080000000, 0x0000000084300000, 0x00000000d5580000)
  object space 68608K, 30% used [0x0000000080000000,0x000000008143d280,0x0000000084300000)
 Metaspace       used 34682K, committed 35840K, reserved 1114112K
  class space    used 3636K, committed 4160K, reserved 1048576K
}
Event: 13.515 GC heap before
{Heap before GC invocations=16 (full 2):
 PSYoungGen      total 22528K, used 448K [0x00000000d5580000, 0x00000000d7200000, 0x0000000100000000)
  eden space 22016K, 0% used [0x00000000d5580000,0x00000000d5580000,0x00000000d6b00000)
  from space 512K, 87% used [0x00000000d7180000,0x00000000d71f0000,0x00000000d7200000)
  to   space 1536K, 0% used [0x00000000d6f00000,0x00000000d6f00000,0x00000000d7080000)
 ParOldGen       total 68608K, used 20724K [0x0000000080000000, 0x0000000084300000, 0x00000000d5580000)
  object space 68608K, 30% used [0x0000000080000000,0x000000008143d280,0x0000000084300000)
 Metaspace       used 34682K, committed 35840K, reserved 1114112K
  class space    used 3636K, committed 4160K, reserved 1048576K
}
Event: 13.580 GC heap after
{Heap after GC invocations=16 (full 2):
 PSYoungGen      total 22528K, used 0K [0x00000000d5580000, 0x00000000d7200000, 0x0000000100000000)
  eden space 22016K, 0% used [0x00000000d5580000,0x00000000d5580000,0x00000000d6b00000)
  from space 512K, 0% used [0x00000000d7180000,0x00000000d7180000,0x00000000d7200000)
  to   space 1536K, 0% used [0x00000000d6f00000,0x00000000d6f00000,0x00000000d7080000)
 ParOldGen       total 68608K, used 18037K [0x0000000080000000, 0x0000000084300000, 0x00000000d5580000)
  object space 68608K, 26% used [0x0000000080000000,0x000000008119d520,0x0000000084300000)
 Metaspace       used 34659K, committed 35840K, reserved 1114112K
  class space    used 3629K, committed 4160K, reserved 1048576K
}
Event: 13.939 GC heap before
{Heap before GC invocations=17 (full 2):
 PSYoungGen      total 22528K, used 22016K [0x00000000d5580000, 0x00000000d7200000, 0x0000000100000000)
  eden space 22016K, 100% used [0x00000000d5580000,0x00000000d6b00000,0x00000000d6b00000)
  from space 512K, 0% used [0x00000000d7180000,0x00000000d7180000,0x00000000d7200000)
  to   space 1536K, 0% used [0x00000000d6f00000,0x00000000d6f00000,0x00000000d7080000)
 ParOldGen       total 68608K, used 18037K [0x0000000080000000, 0x0000000084300000, 0x00000000d5580000)
  object space 68608K, 26% used [0x0000000080000000,0x000000008119d520,0x0000000084300000)
 Metaspace       used 36722K, committed 37888K, reserved 1114112K
  class space    used 3911K, committed 4416K, reserved 1048576K
}
Event: 13.941 GC heap after
{Heap after GC invocations=17 (full 2):
 PSYoungGen      total 23552K, used 1536K [0x00000000d5580000, 0x00000000d7200000, 0x0000000100000000)
  eden space 22016K, 0% used [0x00000000d5580000,0x00000000d5580000,0x00000000d6b00000)
  from space 1536K, 100% used [0x00000000d6f00000,0x00000000d7080000,0x00000000d7080000)
  to   space 1536K, 0% used [0x00000000d7080000,0x00000000d7080000,0x00000000d7200000)
 ParOldGen       total 68608K, used 18637K [0x0000000080000000, 0x0000000084300000, 0x00000000d5580000)
  object space 68608K, 27% used [0x0000000080000000,0x0000000081233520,0x0000000084300000)
 Metaspace       used 36722K, committed 37888K, reserved 1114112K
  class space    used 3911K, committed 4416K, reserved 1048576K
}
Event: 14.432 GC heap before
{Heap before GC invocations=18 (full 2):
 PSYoungGen      total 23552K, used 23552K [0x00000000d5580000, 0x00000000d7200000, 0x0000000100000000)
  eden space 22016K, 100% used [0x00000000d5580000,0x00000000d6b00000,0x00000000d6b00000)
  from space 1536K, 100% used [0x00000000d6f00000,0x00000000d7080000,0x00000000d7080000)
  to   space 1536K, 0% used [0x00000000d7080000,0x00000000d7080000,0x00000000d7200000)
 ParOldGen       total 68608K, used 18637K [0x0000000080000000, 0x0000000084300000, 0x00000000d5580000)
  object space 68608K, 27% used [0x0000000080000000,0x0000000081233520,0x0000000084300000)
 Metaspace       used 39241K, committed 40320K, reserved 1114112K
  class space    used 4216K, committed 4672K, reserved 1048576K
}
Event: 14.436 GC heap after
{Heap after GC invocations=18 (full 2):
 PSYoungGen      total 23552K, used 1056K [0x00000000d5580000, 0x00000000d7200000, 0x0000000100000000)
  eden space 22016K, 0% used [0x00000000d5580000,0x00000000d5580000,0x00000000d6b00000)
  from space 1536K, 68% used [0x00000000d7080000,0x00000000d7188000,0x00000000d7200000)
  to   space 1536K, 0% used [0x00000000d6f00000,0x00000000d6f00000,0x00000000d7080000)
 ParOldGen       total 68608K, used 20133K [0x0000000080000000, 0x0000000084300000, 0x00000000d5580000)
  object space 68608K, 29% used [0x0000000080000000,0x00000000813a9530,0x0000000084300000)
 Metaspace       used 39241K, committed 40320K, reserved 1114112K
  class space    used 4216K, committed 4672K, reserved 1048576K
}
Event: 15.303 GC heap before
{Heap before GC invocations=19 (full 2):
 PSYoungGen      total 23552K, used 23072K [0x00000000d5580000, 0x00000000d7200000, 0x0000000100000000)
  eden space 22016K, 100% used [0x00000000d5580000,0x00000000d6b00000,0x00000000d6b00000)
  from space 1536K, 68% used [0x00000000d7080000,0x00000000d7188000,0x00000000d7200000)
  to   space 1536K, 0% used [0x00000000d6f00000,0x00000000d6f00000,0x00000000d7080000)
 ParOldGen       total 68608K, used 20133K [0x0000000080000000, 0x0000000084300000, 0x00000000d5580000)
  object space 68608K, 29% used [0x0000000080000000,0x00000000813a9530,0x0000000084300000)
 Metaspace       used 41746K, committed 42944K, reserved 1114112K
  class space    used 4558K, committed 5056K, reserved 1048576K
}
Event: 15.308 GC heap after
{Heap after GC invocations=19 (full 2):
 PSYoungGen      total 23552K, used 1536K [0x00000000d5580000, 0x00000000d7100000, 0x0000000100000000)
  eden space 22016K, 0% used [0x00000000d5580000,0x00000000d5580000,0x00000000d6b00000)
  from space 1536K, 100% used [0x00000000d6f00000,0x00000000d7080000,0x00000000d7080000)
  to   space 512K, 0% used [0x00000000d7080000,0x00000000d7080000,0x00000000d7100000)
 ParOldGen       total 68608K, used 21136K [0x0000000080000000, 0x0000000084300000, 0x00000000d5580000)
  object space 68608K, 30% used [0x0000000080000000,0x00000000814a4250,0x0000000084300000)
 Metaspace       used 41746K, committed 42944K, reserved 1114112K
  class space    used 4558K, committed 5056K, reserved 1048576K
}

