# JRE version: OpenJDK Runtime Environment Temurin-21.0.11+10 (21.0.11+10) (build 21.0.11+10-LTS)
# Java VM: OpenJDK 64-Bit Server VM Temurin-21.0.11+10 (21.0.11+10-LTS, mixed mode, sharing, tiered, compressed oops, compressed class ptrs, parallel gc, windows-amd64)
GC Precious Log:
 CardTable entry size: 512
 CPUs: 12 total, 12 available
 Memory: 7598M
 Large Page Support: Disabled
 NUMA Support: Disabled
 Compressed Oops: Enabled (32-bit)
 Alignments: Space 512K, Generation 512K, Heap 2M
 Heap Min Capacity: 100M
 Heap Initial Capacity: 100M
 Heap Max Capacity: 2G
 Pre-touch: Disabled
 Parallel Workers: 10
Heap:
 PSYoungGen      total 23040K, used 14501K [0x00000000d5580000, 0x00000000d7180000, 0x0000000100000000)
  eden space 22016K, 61% used [0x00000000d5580000,0x00000000d62a96c8,0x00000000d6b00000)
  from space 1024K, 100% used [0x00000000d7080000,0x00000000d7180000,0x00000000d7180000)
  to   space 2560K, 0% used [0x00000000d6c80000,0x00000000d6c80000,0x00000000d6f00000)
 ParOldGen       total 68608K, used 20463K [0x0000000080000000, 0x0000000084300000, 0x00000000d5580000)
  object space 68608K, 29% used [0x0000000080000000,0x00000000813fbca8,0x0000000084300000)
 Metaspace       used 41500K, committed 42560K, reserved 1114112K
  class space    used 4547K, committed 4992K, reserved 1048576K
GC Heap History (20 events):
Event: 13.047 GC heap before
{Heap before GC invocations=9 (full 1):
 PSYoungGen      total 29696K, used 24576K [0x00000000d5580000, 0x00000000d7800000, 0x0000000100000000)
  eden space 24576K, 100% used [0x00000000d5580000,0x00000000d6d80000,0x00000000d6d80000)
  from space 5120K, 0% used [0x00000000d6e00000,0x00000000d6e00000,0x00000000d7300000)
  to   space 4608K, 0% used [0x00000000d7380000,0x00000000d7380000,0x00000000d7800000)
 ParOldGen       total 68608K, used 14511K [0x0000000080000000, 0x0000000084300000, 0x00000000d5580000)
  object space 68608K, 21% used [0x0000000080000000,0x0000000080e2bf08,0x0000000084300000)
 Metaspace       used 23200K, committed 24128K, reserved 1114112K
  class space    used 2378K, committed 2816K, reserved 1048576K
}
Event: 13.049 GC heap after
{Heap after GC invocations=9 (full 1):
 PSYoungGen      total 25600K, used 978K [0x00000000d5580000, 0x00000000d7480000, 0x0000000100000000)
  eden space 24576K, 0% used [0x00000000d5580000,0x00000000d5580000,0x00000000d6d80000)
  from space 1024K, 95% used [0x00000000d7380000,0x00000000d74748f8,0x00000000d7480000)
  to   space 3584K, 0% used [0x00000000d6d80000,0x00000000d6d80000,0x00000000d7100000)
 ParOldGen       total 68608K, used 14519K [0x0000000080000000, 0x0000000084300000, 0x00000000d5580000)
  object space 68608K, 21% used [0x0000000080000000,0x0000000080e2df08,0x0000000084300000)
 Metaspace       used 23200K, committed 24128K, reserved 1114112K
  class space    used 2378K, committed 2816K, reserved 1048576K
}
Event: 13.203 GC heap before
{Heap before GC invocations=10 (full 1):
 PSYoungGen      total 25600K, used 25554K [0x00000000d5580000, 0x00000000d7480000, 0x0000000100000000)
  eden space 24576K, 100% used [0x00000000d5580000,0x00000000d6d80000,0x00000000d6d80000)
  from space 1024K, 95% used [0x00000000d7380000,0x00000000d74748f8,0x00000000d7480000)
  to   space 3584K, 0% used [0x00000000d6d80000,0x00000000d6d80000,0x00000000d7100000)
 ParOldGen       total 68608K, used 14544K [0x0000000080000000, 0x0000000084300000, 0x00000000d5580000)
  object space 68608K, 21% used [0x0000000080000000,0x0000000080e34318,0x0000000084300000)
 Metaspace       used 26647K, committed 27520K, reserved 1114112K
  class space    used 2743K, committed 3136K, reserved 1048576K
}
Event: 13.204 GC heap after
{Heap after GC invocations=10 (full 1):
 PSYoungGen      total 27648K, used 1202K [0x00000000d5580000, 0x00000000d7400000, 0x0000000100000000)
  eden space 24064K, 0% used [0x00000000d5580000,0x00000000d5580000,0x00000000d6d00000)
  from space 3584K, 33% used [0x00000000d6d80000,0x00000000d6eacba0,0x00000000d7100000)
  to   space 1536K, 0% used [0x00000000d7280000,0x00000000d7280000,0x00000000d7400000)
 ParOldGen       total 68608K, used 14544K [0x0000000080000000, 0x0000000084300000, 0x00000000d5580000)
  object space 68608K, 21% used [0x0000000080000000,0x0000000080e34318,0x0000000084300000)
 Metaspace       used 26647K, committed 27520K, reserved 1114112K
  class space    used 2743K, committed 3136K, reserved 1048576K
}
Event: 14.334 GC heap before
{Heap before GC invocations=11 (full 1):
 PSYoungGen      total 27648K, used 25266K [0x00000000d5580000, 0x00000000d7400000, 0x0000000100000000)
  eden space 24064K, 100% used [0x00000000d5580000,0x00000000d6d00000,0x00000000d6d00000)
  from space 3584K, 33% used [0x00000000d6d80000,0x00000000d6eacba0,0x00000000d7100000)
  to   space 1536K, 0% used [0x00000000d7280000,0x00000000d7280000,0x00000000d7400000)
 ParOldGen       total 68608K, used 14544K [0x0000000080000000, 0x0000000084300000, 0x00000000d5580000)
  object space 68608K, 21% used [0x0000000080000000,0x0000000080e34318,0x0000000084300000)
 Metaspace       used 28023K, committed 28928K, reserved 1114112K
  class space    used 2880K, committed 3264K, reserved 1048576K
}
Event: 14.337 GC heap after
{Heap after GC invocations=11 (full 1):
 PSYoungGen      total 25088K, used 1221K [0x00000000d5580000, 0x00000000d7400000, 0x0000000100000000)
  eden space 23552K, 0% used [0x00000000d5580000,0x00000000d5580000,0x00000000d6c80000)
  from space 1536K, 79% used [0x00000000d7280000,0x00000000d73b1568,0x00000000d7400000)
  to   space 1536K, 0% used [0x00000000d7100000,0x00000000d7100000,0x00000000d7280000)
 ParOldGen       total 68608K, used 16804K [0x0000000080000000, 0x0000000084300000, 0x00000000d5580000)
  object space 68608K, 24% used [0x0000000080000000,0x0000000081069020,0x0000000084300000)
 Metaspace       used 28023K, committed 28928K, reserved 1114112K
  class space    used 2880K, committed 3264K, reserved 1048576K
}
Event: 15.678 GC heap before
{Heap before GC invocations=12 (full 1):
 PSYoungGen      total 25088K, used 24773K [0x00000000d5580000, 0x00000000d7400000, 0x0000000100000000)
  eden space 23552K, 100% used [0x00000000d5580000,0x00000000d6c80000,0x00000000d6c80000)
  from space 1536K, 79% used [0x00000000d7280000,0x00000000d73b1568,0x00000000d7400000)
  to   space 1536K, 0% used [0x00000000d7100000,0x00000000d7100000,0x00000000d7280000)
 ParOldGen       total 68608K, used 16804K [0x0000000080000000, 0x0000000084300000, 0x00000000d5580000)
  object space 68608K, 24% used [0x0000000080000000,0x0000000081069020,0x0000000084300000)
 Metaspace       used 30054K, committed 31104K, reserved 1114112K
  class space    used 3094K, committed 3584K, reserved 1048576K
}
Event: 15.681 GC heap after
{Heap after GC invocations=12 (full 1):
 PSYoungGen      total 24576K, used 1380K [0x00000000d5580000, 0x00000000d7300000, 0x0000000100000000)
  eden space 23040K, 0% used [0x00000000d5580000,0x00000000d5580000,0x00000000d6c00000)
  from space 1536K, 89% used [0x00000000d7100000,0x00000000d7259350,0x00000000d7280000)
  to   space 512K, 0% used [0x00000000d7280000,0x00000000d7280000,0x00000000d7300000)
 ParOldGen       total 68608K, used 17452K [0x0000000080000000, 0x0000000084300000, 0x00000000d5580000)
  object space 68608K, 25% used [0x0000000080000000,0x000000008110b1a8,0x0000000084300000)
 Metaspace       used 30054K, committed 31104K, reserved 1114112K
  class space    used 3094K, committed 3584K, reserved 1048576K
}
Event: 16.982 GC heap before
{Heap before GC invocations=13 (full 1):
 PSYoungGen      total 24576K, used 24420K [0x00000000d5580000, 0x00000000d7300000, 0x0000000100000000)
  eden space 23040K, 100% used [0x00000000d5580000,0x00000000d6c00000,0x00000000d6c00000)
  from space 1536K, 89% used [0x00000000d7100000,0x00000000d7259350,0x00000000d7280000)
  to   space 512K, 0% used [0x00000000d7280000,0x00000000d7280000,0x00000000d7300000)
 ParOldGen       total 68608K, used 17452K [0x0000000080000000, 0x0000000084300000, 0x00000000d5580000)
  object space 68608K, 25% used [0x0000000080000000,0x000000008110b1a8,0x0000000084300000)
 Metaspace       used 32950K, committed 33856K, reserved 1114112K
  class space    used 3437K, committed 3840K, reserved 1048576K
}
Event: 16.984 GC heap after
{Heap after GC invocations=13 (full 1):
 PSYoungGen      total 23040K, used 512K [0x00000000d5580000, 0x00000000d7300000, 0x0000000100000000)
  eden space 22528K, 0% used [0x00000000d5580000,0x00000000d5580000,0x00000000d6b80000)
  from space 512K, 100% used [0x00000000d7280000,0x00000000d7300000,0x00000000d7300000)
  to   space 2048K, 0% used [0x00000000d6f00000,0x00000000d6f00000,0x00000000d7100000)
 ParOldGen       total 68608K, used 18794K [0x0000000080000000, 0x0000000084300000, 0x00000000d5580000)
  object space 68608K, 27% used [0x0000000080000000,0x000000008125aa70,0x0000000084300000)
 Metaspace       used 32950K, committed 33856K, reserved 1114112K
  class space    used 3437K, committed 3840K, reserved 1048576K
}
Event: 18.110 GC heap before
{Heap before GC invocations=14 (full 1):
 PSYoungGen      total 23040K, used 16445K [0x00000000d5580000, 0x00000000d7300000, 0x0000000100000000)
  eden space 22528K, 70% used [0x00000000d5580000,0x00000000d650f658,0x00000000d6b80000)
  from space 512K, 100% used [0x00000000d7280000,0x00000000d7300000,0x00000000d7300000)
  to   space 2048K, 0% used [0x00000000d6f00000,0x00000000d6f00000,0x00000000d7100000)
 ParOldGen       total 68608K, used 18794K [0x0000000080000000, 0x0000000084300000, 0x00000000d5580000)
  object space 68608K, 27% used [0x0000000080000000,0x000000008125aa70,0x0000000084300000)
 Metaspace       used 34795K, committed 35904K, reserved 1114112K
  class space    used 3657K, committed 4160K, reserved 1048576K
}
Event: 18.112 GC heap after
{Heap after GC invocations=14 (full 1):
 PSYoungGen      total 24576K, used 1670K [0x00000000d5580000, 0x00000000d7300000, 0x0000000100000000)
  eden space 22528K, 0% used [0x00000000d5580000,0x00000000d5580000,0x00000000d6b80000)
  from space 2048K, 81% used [0x00000000d6f00000,0x00000000d70a1890,0x00000000d7100000)
  to   space 2048K, 0% used [0x00000000d7100000,0x00000000d7100000,0x00000000d7300000)
 ParOldGen       total 68608K, used 19281K [0x0000000080000000, 0x0000000084300000, 0x00000000d5580000)
  object space 68608K, 28% used [0x0000000080000000,0x00000000812d46d0,0x0000000084300000)
 Metaspace       used 34795K, committed 35904K, reserved 1114112K
  class space    used 3657K, committed 4160K, reserved 1048576K
}
Event: 18.123 GC heap before
{Heap before GC invocations=15 (full 1):
 PSYoungGen      total 24576K, used 4195K [0x00000000d5580000, 0x00000000d7300000, 0x0000000100000000)
  eden space 22528K, 11% used [0x00000000d5580000,0x00000000d57f7720,0x00000000d6b80000)
  from space 2048K, 81% used [0x00000000d6f00000,0x00000000d70a1890,0x00000000d7100000)
  to   space 2048K, 0% used [0x00000000d7100000,0x00000000d7100000,0x00000000d7300000)
 ParOldGen       total 68608K, used 19281K [0x0000000080000000, 0x0000000084300000, 0x00000000d5580000)
  object space 68608K, 28% used [0x0000000080000000,0x00000000812d46d0,0x0000000084300000)
 Metaspace       used 35060K, committed 36160K, reserved 1114112K
  class space    used 3695K, committed 4160K, reserved 1048576K
}
Event: 18.124 GC heap after
{Heap after GC invocations=15 (full 1):
 PSYoungGen      total 23040K, used 320K [0x00000000d5580000, 0x00000000d7180000, 0x0000000100000000)
  eden space 22528K, 0% used [0x00000000d5580000,0x00000000d5580000,0x00000000d6b80000)
  from space 512K, 62% used [0x00000000d7100000,0x00000000d7150000,0x00000000d7180000)
  to   space 1024K, 0% used [0x00000000d6f80000,0x00000000d6f80000,0x00000000d7080000)
 ParOldGen       total 68608K, used 20768K [0x0000000080000000, 0x0000000084300000, 0x00000000d5580000)
  object space 68608K, 30% used [0x0000000080000000,0x00000000814480c0,0x0000000084300000)
 Metaspace       used 35060K, committed 36160K, reserved 1114112K
  class space    used 3695K, committed 4160K, reserved 1048576K
}
Event: 18.124 GC heap before
{Heap before GC invocations=16 (full 2):
 PSYoungGen      total 23040K, used 320K [0x00000000d5580000, 0x00000000d7180000, 0x0000000100000000)
  eden space 22528K, 0% used [0x00000000d5580000,0x00000000d5580000,0x00000000d6b80000)
  from space 512K, 62% used [0x00000000d7100000,0x00000000d7150000,0x00000000d7180000)
  to   space 1024K, 0% used [0x00000000d6f80000,0x00000000d6f80000,0x00000000d7080000)
 ParOldGen       total 68608K, used 20768K [0x0000000080000000, 0x0000000084300000, 0x00000000d5580000)
  object space 68608K, 30% used [0x0000000080000000,0x00000000814480c0,0x0000000084300000)
 Metaspace       used 35060K, committed 36160K, reserved 1114112K
  class space    used 3695K, committed 4160K, reserved 1048576K
}
Event: 18.168 GC heap after
{Heap after GC invocations=16 (full 2):
 PSYoungGen      total 23040K, used 0K [0x00000000d5580000, 0x00000000d7180000, 0x0000000100000000)
  eden space 22528K, 0% used [0x00000000d5580000,0x00000000d5580000,0x00000000d6b80000)
  from space 512K, 0% used [0x00000000d7100000,0x00000000d7100000,0x00000000d7180000)
  to   space 1024K, 0% used [0x00000000d6f80000,0x00000000d6f80000,0x00000000d7080000)
 ParOldGen       total 68608K, used 18151K [0x0000000080000000, 0x0000000084300000, 0x00000000d5580000)
  object space 68608K, 26% used [0x0000000080000000,0x00000000811b9c98,0x0000000084300000)
 Metaspace       used 35050K, committed 36160K, reserved 1114112K
  class space    used 3692K, committed 4160K, reserved 1048576K
}
Event: 18.339 GC heap before
{Heap before GC invocations=17 (full 2):
 PSYoungGen      total 23040K, used 22528K [0x00000000d5580000, 0x00000000d7180000, 0x0000000100000000)
  eden space 22528K, 100% used [0x00000000d5580000,0x00000000d6b80000,0x00000000d6b80000)
  from space 512K, 0% used [0x00000000d7100000,0x00000000d7100000,0x00000000d7180000)
  to   space 1024K, 0% used [0x00000000d6f80000,0x00000000d6f80000,0x00000000d7080000)
 ParOldGen       total 68608K, used 18151K [0x0000000080000000, 0x0000000084300000, 0x00000000d5580000)
  object space 68608K, 26% used [0x0000000080000000,0x00000000811b9c98,0x0000000084300000)
 Metaspace       used 37525K, committed 38592K, reserved 1114112K
  class space    used 4031K, committed 4480K, reserved 1048576K
}
Event: 18.341 GC heap after
{Heap after GC invocations=17 (full 2):
 PSYoungGen      total 23040K, used 1024K [0x00000000d5580000, 0x00000000d7180000, 0x0000000100000000)
  eden space 22016K, 0% used [0x00000000d5580000,0x00000000d5580000,0x00000000d6b00000)
  from space 1024K, 100% used [0x00000000d6f80000,0x00000000d7080000,0x00000000d7080000)
  to   space 1024K, 0% used [0x00000000d7080000,0x00000000d7080000,0x00000000d7180000)
 ParOldGen       total 68608K, used 19335K [0x0000000080000000, 0x0000000084300000, 0x00000000d5580000)
  object space 68608K, 28% used [0x0000000080000000,0x00000000812e1c98,0x0000000084300000)
 Metaspace       used 37525K, committed 38592K, reserved 1114112K
  class space    used 4031K, committed 4480K, reserved 1048576K
}
Event: 18.668 GC heap before
{Heap before GC invocations=18 (full 2):
 PSYoungGen      total 23040K, used 23040K [0x00000000d5580000, 0x00000000d7180000, 0x0000000100000000)
  eden space 22016K, 100% used [0x00000000d5580000,0x00000000d6b00000,0x00000000d6b00000)
  from space 1024K, 100% used [0x00000000d6f80000,0x00000000d7080000,0x00000000d7080000)
  to   space 1024K, 0% used [0x00000000d7080000,0x00000000d7080000,0x00000000d7180000)
 ParOldGen       total 68608K, used 19335K [0x0000000080000000, 0x0000000084300000, 0x00000000d5580000)
  object space 68608K, 28% used [0x0000000080000000,0x00000000812e1c98,0x0000000084300000)
 Metaspace       used 40079K, committed 41152K, reserved 1114112K
  class space    used 4345K, committed 4800K, reserved 1048576K
}
Event: 18.670 GC heap after
{Heap after GC invocations=18 (full 2):
 PSYoungGen      total 23040K, used 1024K [0x00000000d5580000, 0x00000000d7180000, 0x0000000100000000)
  eden space 22016K, 0% used [0x00000000d5580000,0x00000000d5580000,0x00000000d6b00000)
  from space 1024K, 100% used [0x00000000d7080000,0x00000000d7180000,0x00000000d7180000)
  to   space 2560K, 0% used [0x00000000d6c80000,0x00000000d6c80000,0x00000000d6f00000)
 ParOldGen       total 68608K, used 20463K [0x0000000080000000, 0x0000000084300000, 0x00000000d5580000)
  object space 68608K, 29% used [0x0000000080000000,0x00000000813fbca8,0x0000000084300000)
 Metaspace       used 40079K, committed 41152K, reserved 1114112K
  class space    used 4345K, committed 4800K, reserved 1048576K
}

